uniq 62 from 421
---all---
('<s> <person> , <person> . </s>', 39)
('<s> <person> , i know . </s>', 35)
("<s> <person> , i ' m sorry . </s>", 35)
("<s> i ' m not sure . </s>", 34)
("<s> i ' m not going to be a <unk> . i ' m not a <unk> . i ' m", 25)
("<s> i ' m not sure i ' m not . </s>", 23)
("<s> <person> , i ' m not going anywhere . </s>", 19)
("<s> i ' m sorry , <person> . i don ' t know what to do . </s>", 17)
('<s> <person> . </s>', 14)
("<s> i ' m not sure i can . </s>", 13)
("<s> <person> , i ' m not going to be a doctor . </s>", 11)
("<s> i ' m not going to be a <unk> or something . </s>", 11)
("<s> i ' ve got a lot of money to do . </s>", 10)
("<s> i ' m not sure . i ' m sorry . </s>", 10)
("<s> i ' m not going to tell you . i don ' t know what you ' re talking about", 9)
("<s> i ' m sorry . </s>", 7)
('<s> <person> , i don know what you mean . </s>', 7)
("<s> i ' m not going to tell you , i ' m not going anywhere . </s>", 7)
("<s> i ' m not going to tell you . <continued_utterance> i ' m sorry , <person> . i ' m", 7)
("<s> i ' m not going to be a doctor . </s>", 6)
("<s> i ' m not sure . i don ' t know what to do . </s>", 5)
("<s> i ' m not going to tell you . i ' m not going anywhere . i ' m not", 5)
("<s> i ' m not going anywhere . i ' m not going anywhere . </s>", 4)
("<s> i ' m not sure i can do that . </s>", 4)
("<s> <person> , i know you ' re not going anywhere . </s>", 4)
("<s> <person> , i ' m not going to be a <unk> . </s>", 3)
('<s> <person> . <person> . <person> . </s>', 3)
("<s> i ' m not sure i know what you ' re talking about . i ' m not going to", 3)
("<s> i ' m not going to tell you . i ' m not going anywhere . </s>", 3)
("<s> i ' ll be right back . i can ' t do it . </s>", 3)
("<s> i ' m not going to be a <unk> . </s>", 3)
("<s> <person> , i ' m sorry , <person> . </s>", 3)
("<s> <person> , i ' ll tell you what i ' m talking about . </s>", 3)
("<s> <person> , i ' m not sure . </s>", 2)
("<s> <person> , i ' m not gon na do that . </s>", 2)
("<s> i ' m not sure . i just . </s>", 2)
('<s> <person> ? <person> ? <person> ? <person> ? <person> ? </s>', 2)
('<s> <person> . <person> . <person> . <person> . </s>', 2)
("<s> <person> , i ' m not a <unk> . </s>", 2)
("<s> i ' ll tell you what i ' m talking about . </s>", 2)
('<s> <person> ? <continued_utterance> <person> ? <person> ? <person> ? </s>', 1)
('<s> i don know t . i know . </s>', 1)
("<s> <person> , <person> , i ' m sorry . </s>", 1)
("<s> i ' m not going to be a doctor , <person> . </s>", 1)
("<s> i ' ll be right back . i don ' t know what to do . </s>", 1)
('<s> no , i mean it , i guess . </s>', 1)
("<s> <person> , i ' m so sorry . </s>", 1)
("<s> <person> . i ' m sorry . </s>", 1)
("<s> i ' m not going to tell anybody . i don ' t know what to do . i '", 1)
("<s> i ' m sorry , <person> . i just want to see you . </s>", 1)
("<s> i ' m not sure . i don ' t know what you ' re talking about . </s>", 1)
("<s> i ' m not going to be a <unk> , <person> . </s>", 1)
("<s> i ' m not sure . i ' m not going anywhere . </s>", 1)
("<s> i ' m not sure . i ' ve got to get out of here . </s>", 1)
("<s> i ' m not sure i do . </s>", 1)
("<s> <person> , i don ' t know . </s>", 1)
("<s> <person> , i ' m sorry , i -- </s>", 1)
("<s> i ' ll be back in a minute . i ' ll be back in a minute . i '", 1)
("<s> i don know t . i ' ll be right back . </s>", 1)
("<s> no , i ' m not . </s>", 1)
('<s> no . </s>', 1)
("<s> i ' m not sure i know what you ' re talking about . </s>", 1)
